#
# There is insufficient memory for the Java Runtime Environment to continue.
# Native memory allocation (malloc) failed to allocate 260016 bytes for Chunk::new
# Possible reasons:
#   The system is out of physical RAM or swap space
#   The process is running with CompressedOops enabled, and the Java Heap may be blocking the growth of the native heap
# Possible solutions:
#   Reduce memory load on the system
#   Increase physical memory or swap space
#   Check if swap backing store is full
#   Decrease Java heap size (-Xmx/-Xms)
#   Decrease number of Java threads
#   Decrease Java thread stack sizes (-Xss)
#   Set larger code cache with -XX:ReservedCodeCacheSize=
#   JVM is running with Unscaled Compressed Oops mode in which the Java heap is
#     placed in the first 4GB address space. The Java Heap base address is the
#     maximum limit for the native heap growth. Please use -XX:HeapBaseMinAddress
#     to set the Java Heap base and to place the Java Heap above 4GB virtual address.
# This output file may be truncated or incomplete.
#
#  Out of Memory Error (src/hotspot/share/memory/arena.cpp:197), pid=2332, tid=8412
#
# JRE version: OpenJDK Runtime Environment (11.0.15) (build 11.0.15+0-b2043.56-9505619)
# Java VM: OpenJDK 64-Bit Server VM (11.0.15+0-b2043.56-9505619, mixed mode, tiered, compressed oops, g1 gc, windows-amd64)
# No core dump will be written. Minidumps are not enabled by default on client versions of Windows
#

---------------  S U M M A R Y ------------

Command Line: -Djava.awt.headless=true -Djava.util.logging.config.file=D:\Programas\Android\.android\.android\utp\logging17828857144640205631properties -Dfile.encoding=UTF-8 -Duser.country=AR -Duser.language=es -Duser.variant com.google.testing.platform.launcher.Launcher D:\Programas\Android\.gradle\caches\modules-2\files-2.1\com.google.testing.platform\core\0.0.8-alpha08\762b033d6dcf24e44af8ccc5428ceb3eef540e37\core-0.0.8-alpha08.jar --proto_config=D:\Programas\Android\.android\.android\utp\runnerConfig10301101050537977650.pb --proto_server_config=D:\Programas\Android\.android\.android\utp\serverConfig14794888511080326477.pb

Host: AMD 3020e with Radeon Graphics                 , 2 cores, 5G,  Windows 11 , 64 bit Build 22621 (10.0.22621.2070)
Time: Thu Aug 31 20:31:50 2023 Hora estándar de Argentina elapsed time: 250.272058 seconds (0d 0h 4m 10s)

---------------  T H R E A D  ---------------

Current thread (0x00000222697f9000):  JavaThread "C2 CompilerThread0" daemon [_thread_in_native, id=8412, stack(0x00000036dbd00000,0x00000036dbe00000)]


Current CompileTask:
C2: 250272 2517       4       java.io.DataInputStream::readUTF (501 bytes)

Stack: [0x00000036dbd00000,0x00000036dbe00000]
Native frames: (J=compiled Java code, j=interpreted, Vv=VM code, C=native code)
V  [jvm.dll+0x64135a]
V  [jvm.dll+0x7d39f9]
V  [jvm.dll+0x7d51b9]
V  [jvm.dll+0x7d58a3]
V  [jvm.dll+0x2691c5]
V  [jvm.dll+0xc1a5c]
V  [jvm.dll+0xc200c]
V  [jvm.dll+0x3774a7]
V  [jvm.dll+0x342495]
V  [jvm.dll+0x34186a]
V  [jvm.dll+0x2214bd]
V  [jvm.dll+0x220498]
V  [jvm.dll+0x19e851]
V  [jvm.dll+0x230479]
V  [jvm.dll+0x22e5ef]
V  [jvm.dll+0x794de1]
V  [jvm.dll+0x78dc24]
V  [jvm.dll+0x6400f6]
C  [ucrtbase.dll+0x29363]
C  [KERNEL32.DLL+0x126ad]
C  [ntdll.dll+0x5aa68]


---------------  P R O C E S S  ---------------

Threads class SMR info:
_java_thread_list=0x000002226c0e3c90, length=20, elements={
0x000002224f4ae800, 0x00000222697d9000, 0x00000222697da800, 0x000002226a1d2800,
0x00000222697f6000, 0x00000222697f8000, 0x00000222697f9000, 0x00000222697fb800,
0x000002226a204000, 0x000002226a300800, 0x000002226bae2000, 0x000002226c538800,
0x000002226b99d800, 0x000002226c0a9800, 0x000002226d2a8800, 0x000002226bb09800,
0x000002226bb08000, 0x000002226bb03800, 0x000002226bb08800, 0x000002226bb0a000
}

Java Threads: ( => current thread )
  0x000002224f4ae800 JavaThread "main" [_thread_in_native, id=7904, stack(0x00000036db100000,0x00000036db200000)]
  0x00000222697d9000 JavaThread "Reference Handler" daemon [_thread_blocked, id=10164, stack(0x00000036db800000,0x00000036db900000)]
  0x00000222697da800 JavaThread "Finalizer" daemon [_thread_blocked, id=11148, stack(0x00000036db900000,0x00000036dba00000)]
  0x000002226a1d2800 JavaThread "Signal Dispatcher" daemon [_thread_blocked, id=10792, stack(0x00000036dba00000,0x00000036dbb00000)]
  0x00000222697f6000 JavaThread "Attach Listener" daemon [_thread_blocked, id=3224, stack(0x00000036dbb00000,0x00000036dbc00000)]
  0x00000222697f8000 JavaThread "Service Thread" daemon [_thread_blocked, id=6668, stack(0x00000036dbc00000,0x00000036dbd00000)]
=>0x00000222697f9000 JavaThread "C2 CompilerThread0" daemon [_thread_in_native, id=8412, stack(0x00000036dbd00000,0x00000036dbe00000)]
  0x00000222697fb800 JavaThread "C1 CompilerThread0" daemon [_thread_blocked, id=10944, stack(0x00000036dbe00000,0x00000036dbf00000)]
  0x000002226a204000 JavaThread "Sweeper thread" daemon [_thread_blocked, id=7580, stack(0x00000036dbf00000,0x00000036dc000000)]
  0x000002226a300800 JavaThread "Common-Cleaner" daemon [_thread_blocked, id=6024, stack(0x00000036dc100000,0x00000036dc200000)]
  0x000002226bae2000 JavaThread "grpc-nio-worker-ELG-1-1" daemon [_thread_in_native, id=10660, stack(0x00000036dc300000,0x00000036dc400000)]
  0x000002226c538800 JavaThread "Monitor" [_thread_in_native, id=5160, stack(0x00000036dc700000,0x00000036dc800000)]
  0x000002226b99d800 JavaThread "JdwpProxyConnection" [_thread_in_native, id=5128, stack(0x00000036dc800000,0x00000036dc900000)]
  0x000002226c0a9800 JavaThread "Device Client Monitor" [_thread_in_native, id=1924, stack(0x00000036dc900000,0x00000036dca00000)]
  0x000002226d2a8800 JavaThread "Device List Monitor" [_thread_blocked, id=9220, stack(0x00000036dca00000,0x00000036dcb00000)]
  0x000002226bb09800 JavaThread "grpc-nio-worker-ELG-1-2" daemon [_thread_in_native, id=10436, stack(0x00000036dcb00000,0x00000036dcc00000)]
  0x000002226bb08000 JavaThread "DefaultDispatcher-worker-1" daemon [_thread_blocked, id=11036, stack(0x00000036dcd00000,0x00000036dce00000)]
  0x000002226bb03800 JavaThread "DefaultDispatcher-worker-2" daemon [_thread_blocked, id=3600, stack(0x00000036dce00000,0x00000036dcf00000)]
  0x000002226bb08800 JavaThread "kotlinx.coroutines.DefaultExecutor" daemon [_thread_blocked, id=10528, stack(0x00000036dcf00000,0x00000036dd000000)]
  0x000002226bb0a000 JavaThread "grpc-default-executor-3" daemon [_thread_blocked, id=5828, stack(0x00000036daf00000,0x00000036db000000)]

Other Threads:
  0x00000222697b3800 VMThread "VM Thread" [stack: 0x00000036db700000,0x00000036db800000] [id=9460]
  0x000002226a2f2000 WatcherThread [stack: 0x00000036dc000000,0x00000036dc100000] [id=11004]
  0x000002224f4c6000 GCTaskThread "GC Thread#0" [stack: 0x00000036db200000,0x00000036db300000] [id=9936]
  0x000002226a687000 GCTaskThread "GC Thread#1" [stack: 0x00000036dc200000,0x00000036dc300000] [id=9636]
  0x000002224f4ed000 ConcurrentGCThread "G1 Main Marker" [stack: 0x00000036db300000,0x00000036db400000] [id=10192]
  0x000002224f4f0000 ConcurrentGCThread "G1 Conc#0" [stack: 0x00000036db400000,0x00000036db500000] [id=11188]
  0x000002224f55c800 ConcurrentGCThread "G1 Refine#0" [stack: 0x00000036db500000,0x00000036db600000] [id=2348]
  0x000002224f560000 ConcurrentGCThread "G1 Young RemSet Sampling" [stack: 0x00000036db600000,0x00000036db700000] [id=3100]

Threads with active compile tasks:
C2 CompilerThread0   250675 2517       4       java.io.DataInputStream::readUTF (501 bytes)

VM state:not at safepoint (normal execution)

VM Mutex/Monitor currently owned by a thread: None

Heap address: 0x00000000a1e00000, size: 1506 MB, Compressed Oops mode: 32-bit
Narrow klass base: 0x0000000000000000, Narrow klass shift: 3
Compressed class space size: 1073741824 Address: 0x0000000100000000

Heap:
 garbage-first heap   total 98304K, used 33318K [0x00000000a1e00000, 0x0000000100000000)
  region size 1024K, 25 young (25600K), 4 survivors (4096K)
 Metaspace       used 39376K, capacity 40457K, committed 40704K, reserved 1085440K
  class space    used 4418K, capacity 4854K, committed 4864K, reserved 1048576K
Heap Regions: E=young(eden), S=young(survivor), O=old, HS=humongous(starts), HC=humongous(continues), CS=collection set, F=free, A=archive, TAMS=top-at-mark-start (previous, next)
|   0|0x00000000a1e00000, 0x00000000a1f00000, 0x00000000a1f00000|100%|HS|  |TAMS 0x00000000a1f00000, 0x00000000a1e00000| Complete 
|   1|0x00000000a1f00000, 0x00000000a2000000, 0x00000000a2000000|100%| O|  |TAMS 0x00000000a2000000, 0x00000000a1f00000| Untracked 
|   2|0x00000000a2000000, 0x00000000a2100000, 0x00000000a2100000|100%| O|  |TAMS 0x00000000a2100000, 0x00000000a2000000| Untracked 
|   3|0x00000000a2100000, 0x00000000a2200000, 0x00000000a2200000|100%| O|  |TAMS 0x00000000a2200000, 0x00000000a2100000| Untracked 
|   4|0x00000000a2200000, 0x00000000a2300000, 0x00000000a2300000|100%| O|  |TAMS 0x00000000a2300000, 0x00000000a2200000| Untracked 
|   5|0x00000000a2300000, 0x00000000a2400000, 0x00000000a2400000|100%| O|  |TAMS 0x00000000a2400000, 0x00000000a2300000| Untracked 
|   6|0x00000000a2400000, 0x00000000a2500000, 0x00000000a2500000|100%| O|  |TAMS 0x00000000a2500000, 0x00000000a2400000| Untracked 
|   7|0x00000000a2500000, 0x00000000a2505400, 0x00000000a2600000|  2%| O|  |TAMS 0x00000000a2505400, 0x00000000a2500000| Untracked 
|   8|0x00000000a2600000, 0x00000000a2700000, 0x00000000a2700000|100%|HS|  |TAMS 0x00000000a2700000, 0x00000000a2600000| Complete 
|   9|0x00000000a2700000, 0x00000000a2800000, 0x00000000a2800000|100%|HC|  |TAMS 0x00000000a2800000, 0x00000000a2700000| Complete 
|  10|0x00000000a2800000, 0x00000000a2900000, 0x00000000a2900000|100%|HC|  |TAMS 0x00000000a2900000, 0x00000000a2800000| Complete 
|  11|0x00000000a2900000, 0x00000000a2900000, 0x00000000a2a00000|  0%| F|  |TAMS 0x00000000a2900000, 0x00000000a2900000| Untracked 
|  12|0x00000000a2a00000, 0x00000000a2a00000, 0x00000000a2b00000|  0%| F|  |TAMS 0x00000000a2a00000, 0x00000000a2a00000| Untracked 
|  13|0x00000000a2b00000, 0x00000000a2b00000, 0x00000000a2c00000|  0%| F|  |TAMS 0x00000000a2b00000, 0x00000000a2b00000| Untracked 
|  14|0x00000000a2c00000, 0x00000000a2c00000, 0x00000000a2d00000|  0%| F|  |TAMS 0x00000000a2c00000, 0x00000000a2c00000| Untracked 
|  15|0x00000000a2d00000, 0x00000000a2d00000, 0x00000000a2e00000|  0%| F|  |TAMS 0x00000000a2d00000, 0x00000000a2d00000| Untracked 
|  16|0x00000000a2e00000, 0x00000000a2e00000, 0x00000000a2f00000|  0%| F|  |TAMS 0x00000000a2e00000, 0x00000000a2e00000| Untracked 
|  17|0x00000000a2f00000, 0x00000000a2f00000, 0x00000000a3000000|  0%| F|  |TAMS 0x00000000a2f00000, 0x00000000a2f00000| Untracked 
|  18|0x00000000a3000000, 0x00000000a3000000, 0x00000000a3100000|  0%| F|  |TAMS 0x00000000a3000000, 0x00000000a3000000| Untracked 
|  19|0x00000000a3100000, 0x00000000a3100000, 0x00000000a3200000|  0%| F|  |TAMS 0x00000000a3100000, 0x00000000a3100000| Untracked 
|  20|0x00000000a3200000, 0x00000000a3200000, 0x00000000a3300000|  0%| F|  |TAMS 0x00000000a3200000, 0x00000000a3200000| Untracked 
|  21|0x00000000a3300000, 0x00000000a3300000, 0x00000000a3400000|  0%| F|  |TAMS 0x00000000a3300000, 0x00000000a3300000| Untracked 
|  22|0x00000000a3400000, 0x00000000a3400000, 0x00000000a3500000|  0%| F|  |TAMS 0x00000000a3400000, 0x00000000a3400000| Untracked 
|  23|0x00000000a3500000, 0x00000000a3500000, 0x00000000a3600000|  0%| F|  |TAMS 0x00000000a3500000, 0x00000000a3500000| Untracked 
|  24|0x00000000a3600000, 0x00000000a3600000, 0x00000000a3700000|  0%| F|  |TAMS 0x00000000a3600000, 0x00000000a3600000| Untracked 
|  25|0x00000000a3700000, 0x00000000a3700000, 0x00000000a3800000|  0%| F|  |TAMS 0x00000000a3700000, 0x00000000a3700000| Untracked 
|  26|0x00000000a3800000, 0x00000000a3800000, 0x00000000a3900000|  0%| F|  |TAMS 0x00000000a3800000, 0x00000000a3800000| Untracked 
|  27|0x00000000a3900000, 0x00000000a3900000, 0x00000000a3a00000|  0%| F|  |TAMS 0x00000000a3900000, 0x00000000a3900000| Untracked 
|  28|0x00000000a3a00000, 0x00000000a3a00000, 0x00000000a3b00000|  0%| F|  |TAMS 0x00000000a3a00000, 0x00000000a3a00000| Untracked 
|  29|0x00000000a3b00000, 0x00000000a3b00000, 0x00000000a3c00000|  0%| F|  |TAMS 0x00000000a3b00000, 0x00000000a3b00000| Untracked 
|  30|0x00000000a3c00000, 0x00000000a3c00000, 0x00000000a3d00000|  0%| F|  |TAMS 0x00000000a3c00000, 0x00000000a3c00000| Untracked 
|  31|0x00000000a3d00000, 0x00000000a3d00000, 0x00000000a3e00000|  0%| F|  |TAMS 0x00000000a3d00000, 0x00000000a3d00000| Untracked 
|  32|0x00000000a3e00000, 0x00000000a3e00000, 0x00000000a3f00000|  0%| F|  |TAMS 0x00000000a3e00000, 0x00000000a3e00000| Untracked 
|  33|0x00000000a3f00000, 0x00000000a3f00000, 0x00000000a4000000|  0%| F|  |TAMS 0x00000000a3f00000, 0x00000000a3f00000| Untracked 
|  34|0x00000000a4000000, 0x00000000a4000000, 0x00000000a4100000|  0%| F|  |TAMS 0x00000000a4000000, 0x00000000a4000000| Untracked 
|  35|0x00000000a4100000, 0x00000000a4100000, 0x00000000a4200000|  0%| F|  |TAMS 0x00000000a4100000, 0x00000000a4100000| Untracked 
|  36|0x00000000a4200000, 0x00000000a4200000, 0x00000000a4300000|  0%| F|  |TAMS 0x00000000a4200000, 0x00000000a4200000| Untracked 
|  37|0x00000000a4300000, 0x00000000a4300000, 0x00000000a4400000|  0%| F|  |TAMS 0x00000000a4300000, 0x00000000a4300000| Untracked 
|  38|0x00000000a4400000, 0x00000000a4400000, 0x00000000a4500000|  0%| F|  |TAMS 0x00000000a4400000, 0x00000000a4400000| Untracked 
|  39|0x00000000a4500000, 0x00000000a4500000, 0x00000000a4600000|  0%| F|  |TAMS 0x00000000a4500000, 0x00000000a4500000| Untracked 
|  40|0x00000000a4600000, 0x00000000a4600000, 0x00000000a4700000|  0%| F|  |TAMS 0x00000000a4600000, 0x00000000a4600000| Untracked 
|  41|0x00000000a4700000, 0x00000000a4700000, 0x00000000a4800000|  0%| F|  |TAMS 0x00000000a4700000, 0x00000000a4700000| Untracked 
|  42|0x00000000a4800000, 0x00000000a4800000, 0x00000000a4900000|  0%| F|  |TAMS 0x00000000a4800000, 0x00000000a4800000| Untracked 
|  43|0x00000000a4900000, 0x00000000a4900000, 0x00000000a4a00000|  0%| F|  |TAMS 0x00000000a4900000, 0x00000000a4900000| Untracked 
|  44|0x00000000a4a00000, 0x00000000a4a00000, 0x00000000a4b00000|  0%| F|  |TAMS 0x00000000a4a00000, 0x00000000a4a00000| Untracked 
|  45|0x00000000a4b00000, 0x00000000a4b00000, 0x00000000a4c00000|  0%| F|  |TAMS 0x00000000a4b00000, 0x00000000a4b00000| Untracked 
|  46|0x00000000a4c00000, 0x00000000a4c00000, 0x00000000a4d00000|  0%| F|  |TAMS 0x00000000a4c00000, 0x00000000a4c00000| Untracked 
|  47|0x00000000a4d00000, 0x00000000a4d00000, 0x00000000a4e00000|  0%| F|  |TAMS 0x00000000a4d00000, 0x00000000a4d00000| Untracked 
|  48|0x00000000a4e00000, 0x00000000a4e00000, 0x00000000a4f00000|  0%| F|  |TAMS 0x00000000a4e00000, 0x00000000a4e00000| Untracked 
|  49|0x00000000a4f00000, 0x00000000a4f00000, 0x00000000a5000000|  0%| F|  |TAMS 0x00000000a4f00000, 0x00000000a4f00000| Untracked 
|  50|0x00000000a5000000, 0x00000000a5000000, 0x00000000a5100000|  0%| F|  |TAMS 0x00000000a5000000, 0x00000000a5000000| Untracked 
|  51|0x00000000a5100000, 0x00000000a5100000, 0x00000000a5200000|  0%| F|  |TAMS 0x00000000a5100000, 0x00000000a5100000| Untracked 
|  52|0x00000000a5200000, 0x00000000a5200000, 0x00000000a5300000|  0%| F|  |TAMS 0x00000000a5200000, 0x00000000a5200000| Untracked 
|  53|0x00000000a5300000, 0x00000000a5300000, 0x00000000a5400000|  0%| F|  |TAMS 0x00000000a5300000, 0x00000000a5300000| Untracked 
|  54|0x00000000a5400000, 0x00000000a5400000, 0x00000000a5500000|  0%| F|  |TAMS 0x00000000a5400000, 0x00000000a5400000| Untracked 
|  55|0x00000000a5500000, 0x00000000a5500000, 0x00000000a5600000|  0%| F|  |TAMS 0x00000000a5500000, 0x00000000a5500000| Untracked 
|  56|0x00000000a5600000, 0x00000000a5600000, 0x00000000a5700000|  0%| F|  |TAMS 0x00000000a5600000, 0x00000000a5600000| Untracked 
|  57|0x00000000a5700000, 0x00000000a5700000, 0x00000000a5800000|  0%| F|  |TAMS 0x00000000a5700000, 0x00000000a5700000| Untracked 
|  58|0x00000000a5800000, 0x00000000a5800000, 0x00000000a5900000|  0%| F|  |TAMS 0x00000000a5800000, 0x00000000a5800000| Untracked 
|  59|0x00000000a5900000, 0x00000000a5900000, 0x00000000a5a00000|  0%| F|  |TAMS 0x00000000a5900000, 0x00000000a5900000| Untracked 
|  60|0x00000000a5a00000, 0x00000000a5a00000, 0x00000000a5b00000|  0%| F|  |TAMS 0x00000000a5a00000, 0x00000000a5a00000| Untracked 
|  61|0x00000000a5b00000, 0x00000000a5b00000, 0x00000000a5c00000|  0%| F|  |TAMS 0x00000000a5b00000, 0x00000000a5b00000| Untracked 
|  62|0x00000000a5c00000, 0x00000000a5c00000, 0x00000000a5d00000|  0%| F|  |TAMS 0x00000000a5c00000, 0x00000000a5c00000| Untracked 
|  63|0x00000000a5d00000, 0x00000000a5d00000, 0x00000000a5e00000|  0%| F|  |TAMS 0x00000000a5d00000, 0x00000000a5d00000| Untracked 
|  64|0x00000000a5e00000, 0x00000000a5e00000, 0x00000000a5f00000|  0%| F|  |TAMS 0x00000000a5e00000, 0x00000000a5e00000| Untracked 
|  65|0x00000000a5f00000, 0x00000000a5f00000, 0x00000000a6000000|  0%| F|  |TAMS 0x00000000a5f00000, 0x00000000a5f00000| Untracked 
|  66|0x00000000a6000000, 0x00000000a6084480, 0x00000000a6100000| 51%| S|CS|TAMS 0x00000000a6000000, 0x00000000a6000000| Complete 
|  67|0x00000000a6100000, 0x00000000a6200000, 0x00000000a6200000|100%| S|CS|TAMS 0x00000000a6100000, 0x00000000a6100000| Complete 
|  68|0x00000000a6200000, 0x00000000a6300000, 0x00000000a6300000|100%| S|CS|TAMS 0x00000000a6200000, 0x00000000a6200000| Complete 
|  69|0x00000000a6300000, 0x00000000a6400000, 0x00000000a6400000|100%| S|CS|TAMS 0x00000000a6300000, 0x00000000a6300000| Complete 
|  70|0x00000000a6400000, 0x00000000a6400000, 0x00000000a6500000|  0%| F|  |TAMS 0x00000000a6400000, 0x00000000a6400000| Untracked 
|  71|0x00000000a6500000, 0x00000000a6500000, 0x00000000a6600000|  0%| F|  |TAMS 0x00000000a6500000, 0x00000000a6500000| Untracked 
|  72|0x00000000a6600000, 0x00000000a6600000, 0x00000000a6700000|  0%| F|  |TAMS 0x00000000a6600000, 0x00000000a6600000| Untracked 
|  73|0x00000000a6700000, 0x00000000a6700000, 0x00000000a6800000|  0%| F|  |TAMS 0x00000000a6700000, 0x00000000a6700000| Untracked 
|  74|0x00000000a6800000, 0x00000000a6800000, 0x00000000a6900000|  0%| F|  |TAMS 0x00000000a6800000, 0x00000000a6800000| Untracked 
|  75|0x00000000a6900000, 0x00000000a6980800, 0x00000000a6a00000| 50%| E|  |TAMS 0x00000000a6900000, 0x00000000a6900000| Complete 
|  76|0x00000000a6a00000, 0x00000000a6b00000, 0x00000000a6b00000|100%| E|CS|TAMS 0x00000000a6a00000, 0x00000000a6a00000| Complete 
|  77|0x00000000a6b00000, 0x00000000a6c00000, 0x00000000a6c00000|100%| E|CS|TAMS 0x00000000a6b00000, 0x00000000a6b00000| Complete 
|  78|0x00000000a6c00000, 0x00000000a6d00000, 0x00000000a6d00000|100%| E|CS|TAMS 0x00000000a6c00000, 0x00000000a6c00000| Complete 
|  79|0x00000000a6d00000, 0x00000000a6e00000, 0x00000000a6e00000|100%| E|CS|TAMS 0x00000000a6d00000, 0x00000000a6d00000| Complete 
|  80|0x00000000a6e00000, 0x00000000a6f00000, 0x00000000a6f00000|100%| E|CS|TAMS 0x00000000a6e00000, 0x00000000a6e00000| Complete 
|  81|0x00000000a6f00000, 0x00000000a7000000, 0x00000000a7000000|100%| E|  |TAMS 0x00000000a6f00000, 0x00000000a6f00000| Complete 
|  82|0x00000000a7000000, 0x00000000a7100000, 0x00000000a7100000|100%| E|CS|TAMS 0x00000000a7000000, 0x00000000a7000000| Complete 
|  83|0x00000000a7100000, 0x00000000a7200000, 0x00000000a7200000|100%| E|CS|TAMS 0x00000000a7100000, 0x00000000a7100000| Complete 
|  84|0x00000000a7200000, 0x00000000a7300000, 0x00000000a7300000|100%| E|CS|TAMS 0x00000000a7200000, 0x00000000a7200000| Complete 
|  85|0x00000000a7300000, 0x00000000a7400000, 0x00000000a7400000|100%| E|CS|TAMS 0x00000000a7300000, 0x00000000a7300000| Complete 
|  86|0x00000000a7400000, 0x00000000a7500000, 0x00000000a7500000|100%| E|CS|TAMS 0x00000000a7400000, 0x00000000a7400000| Complete 
|  87|0x00000000a7500000, 0x00000000a7600000, 0x00000000a7600000|100%| E|CS|TAMS 0x00000000a7500000, 0x00000000a7500000| Complete 
|  88|0x00000000a7600000, 0x00000000a7700000, 0x00000000a7700000|100%| E|CS|TAMS 0x00000000a7600000, 0x00000000a7600000| Complete 
|  89|0x00000000a7700000, 0x00000000a7800000, 0x00000000a7800000|100%| E|CS|TAMS 0x00000000a7700000, 0x00000000a7700000| Complete 
|  90|0x00000000a7800000, 0x00000000a7900000, 0x00000000a7900000|100%| E|CS|TAMS 0x00000000a7800000, 0x00000000a7800000| Complete 
|  91|0x00000000a7900000, 0x00000000a7a00000, 0x00000000a7a00000|100%| E|CS|TAMS 0x00000000a7900000, 0x00000000a7900000| Complete 
|  92|0x00000000a7a00000, 0x00000000a7b00000, 0x00000000a7b00000|100%| E|CS|TAMS 0x00000000a7a00000, 0x00000000a7a00000| Complete 
|  93|0x00000000a7b00000, 0x00000000a7c00000, 0x00000000a7c00000|100%| E|CS|TAMS 0x00000000a7b00000, 0x00000000a7b00000| Complete 
|  94|0x00000000a7c00000, 0x00000000a7d00000, 0x00000000a7d00000|100%| E|CS|TAMS 0x00000000a7c00000, 0x00000000a7c00000| Complete 
|  95|0x00000000a7d00000, 0x00000000a7e00000, 0x00000000a7e00000|100%| E|CS|TAMS 0x00000000a7d00000, 0x00000000a7d00000| Complete 

Card table byte_map: [0x0000022263ec0000,0x00000222641c0000] _byte_map_base: 0x00000222639b1000

Marking Bits (Prev, Next): (CMBitMap*) 0x000002224f4e6588, (CMBitMap*) 0x000002224f4e65c0
 Prev Bits: [0x00000222644c0000, 0x0000022265c48000)
 Next Bits: [0x0000022265c50000, 0x00000222673d8000)

Polling page: 0x000002224f580000

Metaspace:

Usage:
  Non-class:     34.77 MB capacity,    34.14 MB ( 98%) used,   561.98 KB (  2%) free+waste,    83.00 KB ( <1%) overhead. 
      Class:      4.74 MB capacity,     4.32 MB ( 91%) used,   396.54 KB (  8%) free+waste,    38.56 KB ( <1%) overhead. 
       Both:     39.51 MB capacity,    38.45 MB ( 97%) used,   958.52 KB (  2%) free+waste,   121.56 KB ( <1%) overhead. 

Virtual space:
  Non-class space:       36.00 MB reserved,      35.00 MB ( 97%) committed 
      Class space:        1.00 GB reserved,       4.75 MB ( <1%) committed 
             Both:        1.04 GB reserved,      39.75 MB (  4%) committed 

Chunk freelists:
   Non-Class:  45.00 KB
       Class:  10.00 KB
        Both:  55.00 KB

MaxMetaspaceSize: 17179869184.00 GB
CompressedClassSpaceSize: 1.00 GB
Initial GC threshold: 20.80 MB
Current GC threshold: 58.75 MB
CDS: off

CodeHeap 'non-profiled nmethods': size=120064Kb used=1246Kb max_used=1246Kb free=118817Kb
 bounds [0x000002225c280000, 0x000002225c4f0000, 0x00000222637c0000]
CodeHeap 'profiled nmethods': size=120000Kb used=4872Kb max_used=4872Kb free=115128Kb
 bounds [0x0000022254d50000, 0x0000022255220000, 0x000002225c280000]
CodeHeap 'non-nmethods': size=5696Kb used=1290Kb max_used=1305Kb free=4405Kb
 bounds [0x00000222547c0000, 0x0000022254a30000, 0x0000022254d50000]
 total_blobs=3121 nmethods=2540 adapters=493
 compilation: enabled
              stopped_count=0, restarted_count=0
 full_count=0

Compilation events (20 events):
Event: 250.071 Thread 0x00000222697fb800 nmethod 2508 0x00000222551fec10 code [0x00000222551fedc0, 0x00000222551fef38]
Event: 250.091 Thread 0x00000222697fb800 2510       3       jdk.internal.misc.Unsafe::weakCompareAndSetLong (11 bytes)
Event: 250.091 Thread 0x00000222697fb800 nmethod 2510 0x00000222551ff010 code [0x00000222551ff1c0, 0x00000222551ff2d8]
Event: 250.144 Thread 0x00000222697fb800 2511       3       java.util.concurrent.SynchronousQueue$TransferStack::shouldSpin (30 bytes)
Event: 250.144 Thread 0x00000222697fb800 nmethod 2511 0x00000222551ff390 code [0x00000222551ff560, 0x00000222551ff7f8]
Event: 250.144 Thread 0x00000222697fb800 2512       3       java.lang.Thread::onSpinWait (1 bytes)
Event: 250.144 Thread 0x00000222697fb800 nmethod 2512 0x00000222551ff910 code [0x00000222551ffac0, 0x00000222551ffb98]
Event: 250.176 Thread 0x00000222697fb800 2513       3       java.io.FilterInputStream::read (8 bytes)
Event: 250.176 Thread 0x00000222697fb800 nmethod 2513 0x00000222551ffc10 code [0x00000222551ffdc0, 0x00000222551fff88]
Event: 250.176 Thread 0x00000222697fb800 2514       3       java.util.zip.InflaterInputStream::read (32 bytes)
Event: 250.177 Thread 0x00000222697fb800 nmethod 2514 0x0000022255200090 code [0x0000022255200280, 0x00000222552006b8]
Event: 250.177 Thread 0x00000222697fb800 2515       3       java.io.FilterInputStream::read (11 bytes)
Event: 250.177 Thread 0x00000222697fb800 nmethod 2515 0x0000022255200810 code [0x00000222552009c0, 0x0000022255200b88]
Event: 250.178 Thread 0x00000222697f9000 2516       4       java.lang.StringUTF16::compress (50 bytes)
Event: 250.184 Thread 0x00000222697f9000 nmethod 2516 0x000002225c3b6e10 code [0x000002225c3b6fa0, 0x000002225c3b7298]
Event: 250.184 Thread 0x00000222697f9000 2517       4       java.io.DataInputStream::readUTF (501 bytes)
Event: 250.202 Thread 0x00000222697fb800 2518       3       java.util.TreeMap::rotateLeft (96 bytes)
Event: 250.202 Thread 0x00000222697fb800 nmethod 2518 0x0000022255200c90 code [0x0000022255200e80, 0x0000022255201398]
Event: 250.203 Thread 0x00000222697fb800 2519       3       java.util.TreeMap::rotateRight (96 bytes)
Event: 250.203 Thread 0x00000222697fb800 nmethod 2519 0x0000022255201510 code [0x0000022255201700, 0x0000022255201c18]

GC Heap History (12 events):
Event: 1.345 GC heap before
{Heap before GC invocations=0 (full 0):
 garbage-first heap   total 98304K, used 7168K [0x00000000a1e00000, 0x0000000100000000)
  region size 1024K, 7 young (7168K), 0 survivors (0K)
 Metaspace       used 8840K, capacity 9008K, committed 9088K, reserved 1056768K
  class space    used 782K, capacity 831K, committed 896K, reserved 1048576K
}
Event: 1.349 GC heap after
{Heap after GC invocations=1 (full 0):
 garbage-first heap   total 98304K, used 2746K [0x00000000a1e00000, 0x0000000100000000)
  region size 1024K, 1 young (1024K), 1 survivors (1024K)
 Metaspace       used 8840K, capacity 9008K, committed 9088K, reserved 1056768K
  class space    used 782K, capacity 831K, committed 896K, reserved 1048576K
}
Event: 2.085 GC heap before
{Heap before GC invocations=1 (full 0):
 garbage-first heap   total 98304K, used 8890K [0x00000000a1e00000, 0x0000000100000000)
  region size 1024K, 7 young (7168K), 1 survivors (1024K)
 Metaspace       used 10993K, capacity 11155K, committed 11392K, reserved 1058816K
  class space    used 987K, capacity 1056K, committed 1152K, reserved 1048576K
}
Event: 2.087 GC heap after
{Heap after GC invocations=2 (full 0):
 garbage-first heap   total 98304K, used 3173K [0x00000000a1e00000, 0x0000000100000000)
  region size 1024K, 1 young (1024K), 1 survivors (1024K)
 Metaspace       used 10993K, capacity 11155K, committed 11392K, reserved 1058816K
  class space    used 987K, capacity 1056K, committed 1152K, reserved 1048576K
}
Event: 5.283 GC heap before
{Heap before GC invocations=2 (full 0):
 garbage-first heap   total 98304K, used 13413K [0x00000000a1e00000, 0x0000000100000000)
  region size 1024K, 12 young (12288K), 1 survivors (1024K)
 Metaspace       used 15559K, capacity 15813K, committed 15872K, reserved 1062912K
  class space    used 1629K, capacity 1738K, committed 1792K, reserved 1048576K
}
Event: 5.287 GC heap after
{Heap after GC invocations=3 (full 0):
 garbage-first heap   total 98304K, used 4263K [0x00000000a1e00000, 0x0000000100000000)
  region size 1024K, 2 young (2048K), 2 survivors (2048K)
 Metaspace       used 15559K, capacity 15813K, committed 15872K, reserved 1062912K
  class space    used 1629K, capacity 1738K, committed 1792K, reserved 1048576K
}
Event: 10.116 GC heap before
{Heap before GC invocations=3 (full 0):
 garbage-first heap   total 98304K, used 21671K [0x00000000a1e00000, 0x0000000100000000)
  region size 1024K, 19 young (19456K), 2 survivors (2048K)
 Metaspace       used 20673K, capacity 21167K, committed 21248K, reserved 1069056K
  class space    used 2118K, capacity 2234K, committed 2304K, reserved 1048576K
}
Event: 10.127 GC heap after
{Heap after GC invocations=4 (full 0):
 garbage-first heap   total 98304K, used 7227K [0x00000000a1e00000, 0x0000000100000000)
  region size 1024K, 4 young (4096K), 4 survivors (4096K)
 Metaspace       used 20673K, capacity 21167K, committed 21248K, reserved 1069056K
  class space    used 2118K, capacity 2234K, committed 2304K, reserved 1048576K
}
Event: 13.863 GC heap before
{Heap before GC invocations=5 (full 0):
 garbage-first heap   total 98304K, used 33851K [0x00000000a1e00000, 0x0000000100000000)
  region size 1024K, 30 young (30720K), 4 survivors (4096K)
 Metaspace       used 27481K, capacity 28124K, committed 28288K, reserved 1075200K
  class space    used 2966K, capacity 3128K, committed 3200K, reserved 1048576K
}
Event: 13.886 GC heap after
{Heap after GC invocations=6 (full 0):
 garbage-first heap   total 98304K, used 8992K [0x00000000a1e00000, 0x0000000100000000)
  region size 1024K, 2 young (2048K), 2 survivors (2048K)
 Metaspace       used 27481K, capacity 28124K, committed 28288K, reserved 1075200K
  class space    used 2966K, capacity 3128K, committed 3200K, reserved 1048576K
}
Event: 18.733 GC heap before
{Heap before GC invocations=6 (full 0):
 garbage-first heap   total 98304K, used 36640K [0x00000000a1e00000, 0x0000000100000000)
  region size 1024K, 28 young (28672K), 2 survivors (2048K)
 Metaspace       used 34894K, capacity 35740K, committed 35840K, reserved 1081344K
  class space    used 3888K, capacity 4147K, committed 4224K, reserved 1048576K
}
Event: 18.742 GC heap after
{Heap after GC invocations=7 (full 0):
 garbage-first heap   total 98304K, used 13862K [0x00000000a1e00000, 0x0000000100000000)
  region size 1024K, 4 young (4096K), 4 survivors (4096K)
 Metaspace       used 34894K, capacity 35740K, committed 35840K, reserved 1081344K
  class space    used 3888K, capacity 4147K, committed 4224K, reserved 1048576K
}

Deoptimization events (20 events):
Event: 228.333 Thread 0x000002226c538800 Uncommon trap: trap_request=0xffffffde fr.pc=0x000002225c38dac0 relative=0x0000000000001120
Event: 228.333 Thread 0x000002226c538800 Uncommon trap: reason=class_check action=maybe_recompile pc=0x000002225c38dac0 method=java.util.concurrent.ConcurrentHashMap.putVal(Ljava/lang/Object;Ljava/lang/Object;Z)Ljava/lang/Object; @ 242 c2
Event: 228.333 Thread 0x000002226c538800 DEOPT PACKING pc=0x000002225c38dac0 sp=0x00000036dc7feb50
Event: 228.333 Thread 0x000002226c538800 DEOPT UNPACKING pc=0x000002225480a1af sp=0x00000036dc7feac0 mode 2
Event: 249.768 Thread 0x000002226c0a9800 Uncommon trap: trap_request=0xffffff4d fr.pc=0x000002225c361ab8 relative=0x0000000000000098
Event: 249.768 Thread 0x000002226c0a9800 Uncommon trap: reason=unstable_if action=reinterpret pc=0x000002225c361ab8 method=java.lang.CharacterDataLatin1.digit(II)I @ 7 c2
Event: 249.768 Thread 0x000002226c0a9800 DEOPT PACKING pc=0x000002225c361ab8 sp=0x00000036dc9feb50
Event: 249.768 Thread 0x000002226c0a9800 DEOPT UNPACKING pc=0x000002225480a1af sp=0x00000036dc9fead0 mode 2
Event: 250.091 Thread 0x000002226bb09800 Uncommon trap: trap_request=0xffffffde fr.pc=0x000002225c35a75c relative=0x000000000000031c
Event: 250.091 Thread 0x000002226bb09800 Uncommon trap: reason=class_check action=maybe_recompile pc=0x000002225c35a75c method=java.util.Collections$SetFromMap.remove(Ljava/lang/Object;)Z @ 5 c2
Event: 250.091 Thread 0x000002226bb09800 DEOPT PACKING pc=0x000002225c35a75c sp=0x00000036dcbfe360
Event: 250.091 Thread 0x000002226bb09800 DEOPT UNPACKING pc=0x000002225480a1af sp=0x00000036dcbfe348 mode 2
Event: 250.204 Thread 0x000002224f4ae800 Uncommon trap: trap_request=0xffffff4d fr.pc=0x000002225c36e794 relative=0x0000000000000814
Event: 250.204 Thread 0x000002224f4ae800 Uncommon trap: reason=unstable_if action=reinterpret pc=0x000002225c36e794 method=java.util.TreeMap.getEntry(Ljava/lang/Object;)Ljava/util/TreeMap$Entry; @ 4 c2
Event: 250.204 Thread 0x000002224f4ae800 DEOPT PACKING pc=0x000002225c36e794 sp=0x00000036db1fc1f0
Event: 250.204 Thread 0x000002224f4ae800 DEOPT UNPACKING pc=0x000002225480a1af sp=0x00000036db1fc0d8 mode 2
Event: 250.204 Thread 0x000002224f4ae800 Uncommon trap: trap_request=0xffffffde fr.pc=0x000002225c2a42e0 relative=0x00000000000001c0
Event: 250.204 Thread 0x000002224f4ae800 Uncommon trap: reason=class_check action=maybe_recompile pc=0x000002225c2a42e0 method=java.lang.String.equals(Ljava/lang/Object;)Z @ 8 c2
Event: 250.204 Thread 0x000002224f4ae800 DEOPT PACKING pc=0x000002225c2a42e0 sp=0x00000036db1fc180
Event: 250.204 Thread 0x000002224f4ae800 DEOPT UNPACKING pc=0x000002225480a1af sp=0x00000036db1fc128 mode 2

Classes redefined (0 events):
No events

Internal exceptions (20 events):
Event: 227.890 Thread 0x000002226c538800 Exception <a 'java/lang/NoSuchMethodError'{0x00000000a7144900}: 'java.lang.Object java.lang.invoke.DirectMethodHandle$Holder.invokeSpecial(java.lang.Object, java.lang.Object, int, int, java.lang.Object, java.lang.Object, int)'> (0x00000000a7144900) thrown at [src/hotspot/share/interpreter/linkResolver.cpp, line 773]
Event: 227.890 Thread 0x000002226c538800 Exception <a 'java/lang/NoSuchMethodError'{0x00000000a7147d90}: 'java.lang.Object java.lang.invoke.DelegatingMethodHandle$Holder.reinvoke_L(java.lang.Object, int, int, java.lang.Object, java.lang.Object, int)'> (0x00000000a7147d90) thrown at [src/hotspot/share/interpreter/linkResolver.cpp, line 773]
Event: 227.893 Thread 0x000002226c538800 Exception <a 'java/lang/NoSuchMethodError'{0x00000000a71555a0}: 'java.lang.Object java.lang.invoke.DirectMethodHandle$Holder.invokeStatic(java.lang.Object, java.lang.Object, java.lang.Object, java.lang.Object, java.lang.Object, java.lang.Object, int)'> (0x00000000a71555a0) thrown at [src/hotspot/share/interpreter/linkResolver.cpp, line 773]
Event: 249.765 Thread 0x000002226c0a9800 Exception <a 'java/io/IOException'{0x00000000a73f5888}> (0x00000000a73f5888) thrown at [src/hotspot/share/prims/jni.cpp, line 617]
Event: 249.767 Thread 0x000002226c0a9800 Exception <a 'java/net/ConnectException'{0x00000000a6e62908}: Connection refused: connect> (0x00000000a6e62908) thrown at [src/hotspot/share/prims/jni.cpp, line 638]
Event: 249.768 Thread 0x000002226c0a9800 Exception <a 'java/net/ConnectException'{0x00000000a6e62fb0}: Connection refused: connect> (0x00000000a6e62fb0) thrown at [src/hotspot/share/prims/jni.cpp, line 638]
Event: 249.769 Thread 0x000002226d2a8800 Exception <a 'java/io/IOException'{0x00000000a6e7f4a0}> (0x00000000a6e7f4a0) thrown at [src/hotspot/share/prims/jni.cpp, line 617]
Event: 249.775 Thread 0x000002226d2a8800 Exception <a 'java/net/ConnectException'{0x00000000a6e85ad0}: Connection refused: connect> (0x00000000a6e85ad0) thrown at [src/hotspot/share/prims/jni.cpp, line 638]
Event: 249.775 Thread 0x000002226d2a8800 Exception <a 'java/net/ConnectException'{0x00000000a6e86038}: Connection refused: connect> (0x00000000a6e86038) thrown at [src/hotspot/share/prims/jni.cpp, line 638]
Event: 249.776 Thread 0x000002226c0a9800 Exception <a 'java/lang/NoSuchMethodError'{0x00000000a6eecc40}: 'java.lang.Object java.lang.invoke.DirectMethodHandle$Holder.invokeSpecial(java.lang.Object, java.lang.Object, int, int, int, int, java.lang.Object, java.lang.Object)'> (0x00000000a6eecc40) thrown at [src/hotspot/share/interpreter/linkResolver.cpp, line 773]
Event: 249.776 Thread 0x000002226d2a8800 Exception <a 'java/lang/NoSuchMethodError'{0x00000000a6e9b290}: 'java.lang.Object java.lang.invoke.DirectMethodHandle$Holder.invokeSpecial(java.lang.Object, java.lang.Object, int, int, int, int, java.lang.Object, java.lang.Object)'> (0x00000000a6e9b290) thrown at [src/hotspot/share/interpreter/linkResolver.cpp, line 773]
Event: 249.777 Thread 0x000002226c0a9800 Exception <a 'java/lang/NoSuchMethodError'{0x00000000a6ef0178}: 'java.lang.Object java.lang.invoke.DelegatingMethodHandle$Holder.reinvoke_L(java.lang.Object, int, int, int, int, java.lang.Object, java.lang.Object)'> (0x00000000a6ef0178) thrown at [src/hotspot/share/interpreter/linkResolver.cpp, line 773]
Event: 249.778 Thread 0x000002226c0a9800 Exception <a 'java/lang/NoSuchMethodError'{0x00000000a6d052e8}: 'java.lang.Object java.lang.invoke.DirectMethodHandle$Holder.invokeSpecial(java.lang.Object, java.lang.Object, int, java.lang.Object, java.lang.Object)'> (0x00000000a6d052e8) thrown at [src/hotspot/share/interpreter/linkResolver.cpp, line 773]
Event: 249.779 Thread 0x000002226d2a8800 Exception <a 'java/lang/NoSuchMethodError'{0x00000000a6d20b38}: 'java.lang.Object java.lang.invoke.DirectMethodHandle$Holder.invokeSpecial(java.lang.Object, java.lang.Object, int, java.lang.Object, java.lang.Object)'> (0x00000000a6d20b38) thrown at [src/hotspot/share/interpreter/linkResolver.cpp, line 773]
Event: 249.779 Thread 0x000002226d2a8800 Exception <a 'java/lang/NoSuchMethodError'{0x00000000a6d238a8}: 'java.lang.Object java.lang.invoke.Invokers$Holder.linkToTargetMethod(int, java.lang.Object, java.lang.Object, java.lang.Object)'> (0x00000000a6d238a8) thrown at [src/hotspot/share/interpreter/linkResolver.cpp, line 773]
Event: 249.796 Thread 0x000002226bb08000 Exception <a 'java/io/IOException'{0x00000000a7423450}> (0x00000000a7423450) thrown at [src/hotspot/share/prims/jni.cpp, line 617]
Event: 249.796 Thread 0x000002226bb03800 Exception <a 'java/io/IOException'{0x00000000a6e49278}> (0x00000000a6e49278) thrown at [src/hotspot/share/prims/jni.cpp, line 617]
Event: 250.040 Thread 0x000002226bb08000 Exception <a 'java/net/ConnectException'{0x00000000a7423e08}: Connection refused: connect> (0x00000000a7423e08) thrown at [src/hotspot/share/prims/jni.cpp, line 638]
Event: 250.041 Thread 0x000002226bb08000 Exception <a 'java/net/ConnectException'{0x00000000a74246d0}: Connection refused: connect> (0x00000000a74246d0) thrown at [src/hotspot/share/prims/jni.cpp, line 638]
Event: 250.204 Thread 0x000002224f4ae800 Implicit null exception at 0x000002225c36dfc7 to 0x000002225c36e77c

Events (20 events):
Event: 250.126 loading class java/util/SimpleTimeZone
Event: 250.126 loading class java/util/SimpleTimeZone done
Event: 250.126 loading class org/joda/time/tz/ZoneInfoProvider
Event: 250.126 loading class org/joda/time/tz/ZoneInfoProvider done
Event: 250.127 loading class java/net/URLClassLoader$2
Event: 250.128 loading class java/net/URLClassLoader$2 done
Event: 250.142 loading class io/grpc/internal/DelayedClientCall$DelayedListener$3
Event: 250.142 loading class io/grpc/internal/DelayedClientCall$DelayedListener$3 done
Event: 250.143 Executing VM operation: RevokeBias
Event: 250.143 Executing VM operation: RevokeBias done
Event: 250.143 loading class com/android/tools/utp/plugins/result/listener/gradle/GradleAndroidTestResultListener$configure$responseObserver$1$onError$1
Event: 250.143 loading class com/android/tools/utp/plugins/result/listener/gradle/GradleAndroidTestResultListener$configure$responseObserver$1$onError$1 done
Event: 250.143 Executing VM operation: RevokeBias
Event: 250.144 Executing VM operation: RevokeBias done
Event: 250.204 loading class org/joda/time/tz/DefaultNameProvider
Event: 250.204 loading class org/joda/time/tz/DefaultNameProvider done
Event: 250.245 loading class org/joda/time/tz/DateTimeZoneBuilder
Event: 250.245 loading class org/joda/time/tz/DateTimeZoneBuilder done
Event: 250.246 loading class org/joda/time/tz/DateTimeZoneBuilder$PrecalculatedZone
Event: 250.246 loading class org/joda/time/tz/DateTimeZoneBuilder$PrecalculatedZone done


Dynamic libraries:
0x00007ff696bb0000 - 0x00007ff696bba000 	D:\Programas\Android Studio\jbr\bin\java.exe
0x00007ffa52510000 - 0x00007ffa52724000 	C:\WINDOWS\SYSTEM32\ntdll.dll
0x00007ffa50b40000 - 0x00007ffa50c04000 	C:\WINDOWS\System32\KERNEL32.DLL
0x00007ffa4fd90000 - 0x00007ffa50134000 	C:\WINDOWS\System32\KERNELBASE.dll
0x00007ffa4f920000 - 0x00007ffa4fa31000 	C:\WINDOWS\System32\ucrtbase.dll
0x00007ffa39aa0000 - 0x00007ffa39ab7000 	D:\Programas\Android Studio\jbr\bin\jli.dll
0x00007ffa4ae80000 - 0x00007ffa4ae9b000 	D:\Programas\Android Studio\jbr\bin\VCRUNTIME140.dll
0x00007ffa52180000 - 0x00007ffa5232a000 	C:\WINDOWS\System32\USER32.dll
0x00007ffa4f8f0000 - 0x00007ffa4f916000 	C:\WINDOWS\System32\win32u.dll
0x00007ffa50350000 - 0x00007ffa50379000 	C:\WINDOWS\System32\GDI32.dll
0x00007ffa50140000 - 0x00007ffa50259000 	C:\WINDOWS\System32\gdi32full.dll
0x00007ffa3ba40000 - 0x00007ffa3bccf000 	C:\WINDOWS\WinSxS\amd64_microsoft.windows.common-controls_6595b64144ccf1df_6.0.22621.2070_none_2713e6537381f706\COMCTL32.dll
0x00007ffa4fcf0000 - 0x00007ffa4fd8a000 	C:\WINDOWS\System32\msvcp_win.dll
0x00007ffa50a70000 - 0x00007ffa50b17000 	C:\WINDOWS\System32\msvcrt.dll
0x00007ffa50c30000 - 0x00007ffa50c61000 	C:\WINDOWS\System32\IMM32.DLL
0x00007ffa4afb0000 - 0x00007ffa4afbc000 	D:\Programas\Android Studio\jbr\bin\vcruntime140_1.dll
0x00007ffa31130000 - 0x00007ffa311bd000 	D:\Programas\Android Studio\jbr\bin\msvcp140.dll
0x00007ffa05e50000 - 0x00007ffa06a0c000 	D:\Programas\Android Studio\jbr\bin\server\jvm.dll
0x00007ffa52020000 - 0x00007ffa520d0000 	C:\WINDOWS\System32\ADVAPI32.dll
0x00007ffa520d0000 - 0x00007ffa52176000 	C:\WINDOWS\System32\sechost.dll
0x00007ffa518b0000 - 0x00007ffa519c7000 	C:\WINDOWS\System32\RPCRT4.dll
0x00007ffa51f90000 - 0x00007ffa51f98000 	C:\WINDOWS\System32\PSAPI.DLL
0x00007ffa265d0000 - 0x00007ffa265d9000 	C:\WINDOWS\SYSTEM32\WSOCK32.dll
0x00007ffa51fa0000 - 0x00007ffa52011000 	C:\WINDOWS\System32\WS2_32.dll
0x00007ffa498d0000 - 0x00007ffa49904000 	C:\WINDOWS\SYSTEM32\WINMM.dll
0x00007ffa47ff0000 - 0x00007ffa47ffa000 	C:\WINDOWS\SYSTEM32\VERSION.dll
0x00007ffa4e8a0000 - 0x00007ffa4e8b8000 	C:\WINDOWS\SYSTEM32\kernel.appcore.dll
0x00007ffa4aee0000 - 0x00007ffa4aef0000 	D:\Programas\Android Studio\jbr\bin\verify.dll
0x00007ffa36e10000 - 0x00007ffa3703e000 	C:\WINDOWS\SYSTEM32\DBGHELP.DLL
0x00007ffa519d0000 - 0x00007ffa51d5a000 	C:\WINDOWS\System32\combase.dll
0x00007ffa517d0000 - 0x00007ffa518a7000 	C:\WINDOWS\System32\OLEAUT32.dll
0x00007ffa2c490000 - 0x00007ffa2c4c2000 	C:\WINDOWS\SYSTEM32\dbgcore.DLL
0x00007ffa4fa40000 - 0x00007ffa4faba000 	C:\WINDOWS\System32\bcryptPrimitives.dll
0x00007ffa39470000 - 0x00007ffa39498000 	D:\Programas\Android Studio\jbr\bin\java.dll
0x00007ffa3afa0000 - 0x00007ffa3afaa000 	D:\Programas\Android Studio\jbr\bin\jimage.dll
0x00007ffa38ee0000 - 0x00007ffa38ef8000 	D:\Programas\Android Studio\jbr\bin\zip.dll
0x00007ffa50f50000 - 0x00007ffa51766000 	C:\WINDOWS\System32\SHELL32.dll
0x00007ffa4d8c0000 - 0x00007ffa4e1aa000 	C:\WINDOWS\SYSTEM32\windows.storage.dll
0x00007ffa4d780000 - 0x00007ffa4d8be000 	C:\WINDOWS\SYSTEM32\wintypes.dll
0x00007ffa50e30000 - 0x00007ffa50f23000 	C:\WINDOWS\System32\SHCORE.dll
0x00007ffa51770000 - 0x00007ffa517ce000 	C:\WINDOWS\System32\shlwapi.dll
0x00007ffa4f820000 - 0x00007ffa4f846000 	C:\WINDOWS\SYSTEM32\profapi.dll
0x00007ffa38660000 - 0x00007ffa38679000 	D:\Programas\Android Studio\jbr\bin\net.dll
0x00007ffa46ab0000 - 0x00007ffa46be7000 	C:\WINDOWS\SYSTEM32\WINHTTP.dll
0x00007ffa4edb0000 - 0x00007ffa4ee19000 	C:\WINDOWS\system32\mswsock.dll
0x00007ffa36630000 - 0x00007ffa36643000 	D:\Programas\Android Studio\jbr\bin\nio.dll
0x00007ffa3a450000 - 0x00007ffa3a45a000 	D:\Programas\Android Studio\jbr\bin\management.dll
0x00007ffa38ed0000 - 0x00007ffa38edb000 	D:\Programas\Android Studio\jbr\bin\management_ext.dll
0x00007ffa4f000000 - 0x00007ffa4f01b000 	C:\WINDOWS\SYSTEM32\CRYPTSP.dll
0x00007ffa4e8c0000 - 0x00007ffa4e8f5000 	C:\WINDOWS\system32\rsaenh.dll
0x00007ffa4eea0000 - 0x00007ffa4eecc000 	C:\WINDOWS\SYSTEM32\USERENV.dll
0x00007ffa4f1c0000 - 0x00007ffa4f1e8000 	C:\WINDOWS\SYSTEM32\bcrypt.dll
0x00007ffa4f020000 - 0x00007ffa4f02c000 	C:\WINDOWS\SYSTEM32\CRYPTBASE.dll
0x00007ffa4e450000 - 0x00007ffa4e47d000 	C:\WINDOWS\SYSTEM32\IPHLPAPI.DLL
0x00007ffa50b20000 - 0x00007ffa50b29000 	C:\WINDOWS\System32\NSI.dll
0x00007ffa47c50000 - 0x00007ffa47c69000 	C:\WINDOWS\SYSTEM32\dhcpcsvc6.DLL
0x00007ffa47c30000 - 0x00007ffa47c4f000 	C:\WINDOWS\SYSTEM32\dhcpcsvc.DLL
0x00007ffa4e4d0000 - 0x00007ffa4e5c3000 	C:\WINDOWS\SYSTEM32\DNSAPI.dll
0x00007ffa311e0000 - 0x00007ffa31207000 	D:\Programas\Android Studio\jbr\bin\sunec.dll
0x00007ffa2f300000 - 0x00007ffa2f30a000 	C:\Windows\System32\rasadhlp.dll
0x00007ffa413b0000 - 0x00007ffa41434000 	C:\WINDOWS\System32\fwpuclnt.dll
0x00007ffa26a80000 - 0x00007ffa26a97000 	C:\WINDOWS\system32\napinsp.dll
0x00007ffa26a20000 - 0x00007ffa26a3b000 	C:\WINDOWS\system32\pnrpnsp.dll
0x00007ffa26a00000 - 0x00007ffa26a11000 	C:\WINDOWS\System32\winrnr.dll
0x00007ffa2c4e0000 - 0x00007ffa2c4f5000 	C:\WINDOWS\system32\wshbth.dll
0x00007ffa269d0000 - 0x00007ffa269f1000 	C:\WINDOWS\system32\nlansp_c.dll

dbghelp: loaded successfully - version: 4.0.5 - missing functions: none
symbol engine: initialized successfully - sym options: 0x614 - pdb path: .;D:\Programas\Android Studio\jbr\bin;C:\WINDOWS\SYSTEM32;C:\WINDOWS\WinSxS\amd64_microsoft.windows.common-controls_6595b64144ccf1df_6.0.22621.2070_none_2713e6537381f706;D:\Programas\Android Studio\jbr\bin\server

VM Arguments:
jvm_args: -Djava.awt.headless=true -Djava.util.logging.config.file=D:\Programas\Android\.android\.android\utp\logging17828857144640205631properties -Dfile.encoding=UTF-8 -Duser.country=AR -Duser.language=es -Duser.variant 
java_command: com.google.testing.platform.launcher.Launcher D:\Programas\Android\.gradle\caches\modules-2\files-2.1\com.google.testing.platform\core\0.0.8-alpha08\762b033d6dcf24e44af8ccc5428ceb3eef540e37\core-0.0.8-alpha08.jar --proto_config=D:\Programas\Android\.android\.android\utp\runnerConfig10301101050537977650.pb --proto_server_config=D:\Programas\Android\.android\.android\utp\serverConfig14794888511080326477.pb
java_class_path (initial): D:\Programas\Android\.gradle\caches\modules-2\files-2.1\com.google.testing.platform\launcher\0.0.8-alpha08\de8664b74f9b70fea224c610fd41b802805c72ab\launcher-0.0.8-alpha08.jar
Launcher Type: SUN_STANDARD

[Global flags]
     intx CICompilerCount                          = 2                                         {product} {ergonomic}
     uint ConcGCThreads                            = 1                                         {product} {ergonomic}
     uint G1ConcRefinementThreads                  = 2                                         {product} {ergonomic}
   size_t G1HeapRegionSize                         = 1048576                                   {product} {ergonomic}
    uintx GCDrainStackTargetSize                   = 64                                        {product} {ergonomic}
   size_t InitialHeapSize                          = 100663296                                 {product} {ergonomic}
   size_t MarkStackSize                            = 4194304                                   {product} {ergonomic}
   size_t MaxHeapSize                              = 1579155456                                {product} {ergonomic}
   size_t MaxNewSize                               = 946864128                                 {product} {ergonomic}
   size_t MinHeapDeltaBytes                        = 1048576                                   {product} {ergonomic}
    uintx NonNMethodCodeHeapSize                   = 5825164                                {pd product} {ergonomic}
    uintx NonProfiledCodeHeapSize                  = 122916538                              {pd product} {ergonomic}
    uintx ProfiledCodeHeapSize                     = 122916538                              {pd product} {ergonomic}
    uintx ReservedCodeCacheSize                    = 251658240                              {pd product} {ergonomic}
     bool SegmentedCodeCache                       = true                                      {product} {ergonomic}
     bool UseCompressedClassPointers               = true                                 {lp64_product} {ergonomic}
     bool UseCompressedOops                        = true                                 {lp64_product} {ergonomic}
     bool UseG1GC                                  = true                                      {product} {ergonomic}
     bool UseLargePagesIndividualAllocation        = false                                  {pd product} {ergonomic}

Logging:
Log output configuration:
 #0: stdout all=warning uptime,level,tags
 #1: stderr all=off uptime,level,tags

Environment Variables:
PATH=C:\Program Files\Common Files\Oracle\Java\javapath;C:\WINDOWS\system32;C:\WINDOWS;C:\WINDOWS\System32\Wbem;C:\WINDOWS\System32\WindowsPowerShell\v1.0\;C:\WINDOWS\System32\OpenSSH\;E:\Programas\Git\cmd;C:\Program Files\nodejs\;C:\Program Files\MySQL\MySQL Shell 8.0\bin\;C:\Users\HP\AppData\Local\Microsoft\WindowsApps;;D:\Programas\Microsoft VS Code\bin;C:\Users\HP\AppData\Roaming\npm
USERNAME=HP
OS=Windows_NT
PROCESSOR_IDENTIFIER=AMD64 Family 23 Model 32 Stepping 1, AuthenticAMD



---------------  S Y S T E M  ---------------

OS: Windows 11 , 64 bit Build 22621 (10.0.22621.2070)
OS uptime: 0 days 9:19 hours

CPU:total 2 (initial active 2) (2 cores per cpu, 1 threads per core) family 23 model 32 stepping 1 microcode 0x0, cmov, cx8, fxsr, mmx, sse, sse2, sse3, ssse3, sse4.1, sse4.2, popcnt, avx, avx2, aes, clmul, mmxext, 3dnowpref, lzcnt, sse4a, tsc, tscinvbit, tscinv, bmi1, bmi2, adx, sha, fma

Memory: 4k page, system-wide physical 6023M (618M free)
TotalPageFile size 12221M (AvailPageFile size 4M)
current process WorkingSet (physical memory assigned to process): 138M, peak: 146M
current process commit charge ("private bytes"): 223M, peak: 228M

vm_info: OpenJDK 64-Bit Server VM (11.0.15+0-b2043.56-9505619) for windows-amd64 JRE (11.0.15+0-b2043.56-9505619), built on Jan 19 2023 02:48:00 by "builduser" with unknown MS VC++:1929

END.
